<?xml version="1.0" encoding="UTF-8"?>
<!-- Generated by org.testng.reporters.JUnitXMLReporter -->
<testsuite ignored="0" hostname="DESKTOP-1AD5FCD" failures="1" tests="12" name="Default test" time="13.871" errors="0" timestamp="2022-04-29T12:02:33 IST">
  <testcase classname="com.ibm.automation.SuperTest" name="@AfterMethod getResult" time="0.003">
    <failure type="java.lang.NullPointerException" message="Cannot invoke &amp;quot;org.openqa.selenium.TakesScreenshot.getScreenshotAs(org.openqa.selenium.OutputType)&amp;quot; because &amp;quot;com.ibm.Utilities.LoggerWriter.driver&amp;quot; is null">
      <![CDATA[java.lang.NullPointerException: Cannot invoke "org.openqa.selenium.TakesScreenshot.getScreenshotAs(org.openqa.selenium.OutputType)" because "com.ibm.Utilities.LoggerWriter.driver" is null
at com.ibm.Utilities.Utilities.takeScreenshotAuto(Utilities.java:244)
at com.ibm.automation.SuperTest.getResult(SuperTest.java:155)
at java.base/jdk.internal.reflect.NativeMethodAccessorImpl.invoke0(Native Method)
at java.base/jdk.internal.reflect.NativeMethodAccessorImpl.invoke(NativeMethodAccessorImpl.java:77)
at java.base/jdk.internal.reflect.DelegatingMethodAccessorImpl.invoke(DelegatingMethodAccessorImpl.java:43)
at java.base/java.lang.reflect.Method.invoke(Method.java:568)
at org.testng.internal.MethodInvocationHelper.invokeMethod(MethodInvocationHelper.java:134)
at org.testng.internal.MethodInvocationHelper.invokeMethodConsideringTimeout(MethodInvocationHelper.java:63)
at org.testng.internal.ConfigInvoker.invokeConfigurationMethod(ConfigInvoker.java:348)
at org.testng.internal.ConfigInvoker.invokeConfigurations(ConfigInvoker.java:302)
at org.testng.internal.TestInvoker.runConfigMethods(TestInvoker.java:695)
at org.testng.internal.TestInvoker.runAfterGroupsConfigurations(TestInvoker.java:671)
at org.testng.internal.TestInvoker.invokeMethod(TestInvoker.java:655)
at org.testng.internal.TestInvoker.invokeTestMethod(TestInvoker.java:173)
at org.testng.internal.MethodRunner.runInSequence(MethodRunner.java:46)
at org.testng.internal.TestInvoker$MethodInvocationAgent.invoke(TestInvoker.java:816)
at org.testng.internal.TestInvoker.invokeTestMethods(TestInvoker.java:146)
at org.testng.internal.TestMethodWorker.invokeTestMethods(TestMethodWorker.java:146)
at org.testng.internal.TestMethodWorker.run(TestMethodWorker.java:128)
at java.base/java.util.ArrayList.forEach(ArrayList.java:1511)
at org.testng.TestRunner.privateRun(TestRunner.java:766)
at org.testng.TestRunner.run(TestRunner.java:587)
at org.testng.SuiteRunner.runTest(SuiteRunner.java:384)
at org.testng.SuiteRunner.runSequentially(SuiteRunner.java:378)
at org.testng.SuiteRunner.privateRun(SuiteRunner.java:337)
at org.testng.SuiteRunner.run(SuiteRunner.java:286)
at org.testng.SuiteRunnerWorker.runSuite(SuiteRunnerWorker.java:53)
at org.testng.SuiteRunnerWorker.run(SuiteRunnerWorker.java:96)
at org.testng.TestNG.runSuitesSequentially(TestNG.java:1187)
at org.testng.TestNG.runSuitesLocally(TestNG.java:1109)
at org.testng.TestNG.runSuites(TestNG.java:1039)
at org.testng.TestNG.run(TestNG.java:1007)
at org.testng.remote.AbstractRemoteTestNG.run(AbstractRemoteTestNG.java:115)
at org.testng.remote.RemoteTestNG.initAndRun(RemoteTestNG.java:251)
at org.testng.remote.RemoteTestNG.main(RemoteTestNG.java:77)
]]>
    </failure>
  </testcase> <!-- @AfterMethod getResult -->
  <testcase classname="com.ibm.automation.SuperTest" name="@BeforeMethod beforeTestMethod" time="-1.651213953278E9">
    <skipped/>
  </testcase> <!-- @BeforeMethod beforeTestMethod -->
  <testcase classname="com.ibm.automation.SuperTest" name="@AfterMethod getResult" time="-1.651213953288E9">
    <skipped/>
  </testcase> <!-- @AfterMethod getResult -->
  <testcase classname="com.ibm.automation.SuperTest" name="@BeforeMethod beforeTestMethod" time="-1.651213953293E9">
    <skipped/>
  </testcase> <!-- @BeforeMethod beforeTestMethod -->
  <testcase classname="com.ibm.automation.SuperTest" name="@AfterMethod getResult" time="-1.651213953317E9">
    <skipped/>
  </testcase> <!-- @AfterMethod getResult -->
  <testcase classname="com.ibm.automation.SuperTest" name="@BeforeMethod beforeTestMethod" time="-1.65121395332E9">
    <skipped/>
  </testcase> <!-- @BeforeMethod beforeTestMethod -->
  <testcase classname="com.ibm.automation.SuperTest" name="@AfterMethod getResult" time="-1.651213953328E9">
    <skipped/>
  </testcase> <!-- @AfterMethod getResult -->
  <testcase classname="com.ibm.automation.SuperTest" name="@BeforeMethod beforeTestMethod" time="-1.651213953332E9">
    <skipped/>
  </testcase> <!-- @BeforeMethod beforeTestMethod -->
  <testcase classname="com.ibm.automation.SuperTest" name="@AfterMethod getResult" time="-1.651213953345E9">
    <skipped/>
  </testcase> <!-- @AfterMethod getResult -->
  <testcase classname="com.ibm.automation.SuperTest" name="@BeforeMethod beforeTestMethod" time="-1.651213953348E9">
    <skipped/>
  </testcase> <!-- @BeforeMethod beforeTestMethod -->
  <testcase classname="com.ibm.automation.SuperTest" name="@AfterMethod getResult" time="-1.651213953358E9">
    <skipped/>
  </testcase> <!-- @AfterMethod getResult -->
  <testcase classname="com.ibm.automation.SuperTest" name="@BeforeMethod beforeTestMethod" time="-1.651213953362E9">
    <skipped/>
  </testcase> <!-- @BeforeMethod beforeTestMethod -->
  <testcase classname="com.ibm.automation.SuperTest" name="@AfterMethod getResult" time="-1.651213953371E9">
    <skipped/>
  </testcase> <!-- @AfterMethod getResult -->
  <testcase classname="com.ibm.automation.SuperTest" name="@BeforeMethod beforeTestMethod" time="-1.651213953373E9">
    <skipped/>
  </testcase> <!-- @BeforeMethod beforeTestMethod -->
  <testcase classname="com.ibm.automation.SuperTest" name="@AfterMethod getResult" time="-1.651213953381E9">
    <skipped/>
  </testcase> <!-- @AfterMethod getResult -->
  <testcase classname="com.ibm.automation.SuperTest" name="@BeforeMethod beforeTestMethod" time="-1.651213953384E9">
    <skipped/>
  </testcase> <!-- @BeforeMethod beforeTestMethod -->
  <testcase classname="com.ibm.automation.SuperTest" name="@AfterMethod getResult" time="-1.651213953393E9">
    <skipped/>
  </testcase> <!-- @AfterMethod getResult -->
  <testcase classname="com.ibm.automation.SuperTest" name="@BeforeMethod beforeTestMethod" time="-1.651213953402E9">
    <skipped/>
  </testcase> <!-- @BeforeMethod beforeTestMethod -->
  <testcase classname="com.ibm.automation.SuperTest" name="@AfterMethod getResult" time="-1.651213953417E9">
    <skipped/>
  </testcase> <!-- @AfterMethod getResult -->
  <testcase classname="com.ibm.automation.SuperTest" name="@BeforeMethod beforeTestMethod" time="-1.651213953419E9">
    <skipped/>
  </testcase> <!-- @BeforeMethod beforeTestMethod -->
  <testcase classname="com.ibm.automation.SuperTest" name="@AfterMethod getResult" time="-1.651213953446E9">
    <skipped/>
  </testcase> <!-- @AfterMethod getResult -->
  <testcase classname="com.ibm.Mobile.Test.CancelRefillFromMobile2" name="@AfterClass tearDownSession" time="-1.651213953455E9">
    <skipped/>
  </testcase> <!-- @AfterClass tearDownSession -->
  <testcase classname="com.ibm.automation.SuperTest" name="@AfterTest afterMasterSetUp" time="-1.65121395346E9">
    <skipped/>
  </testcase> <!-- @AfterTest afterMasterSetUp -->
  <testcase classname="com.ibm.Mobile.Test.CancelRefillFromMobile2" name="TC00_LaunchEmulator" time="5.187"/>
  <testcase classname="com.ibm.Mobile.Test.CancelRefillFromMobile2" name="TC01_SetUpEmulatorSession" time="8.427">
    <failure type="org.openqa.selenium.WebDriverException" message="Connection refused: no further information
Build info: version: &amp;apos;3.141.0&amp;apos;, revision: &amp;apos;2ecb7d9a&amp;apos;, time: &amp;apos;2018-10-31T20:09:30&amp;apos;
System info: host: &amp;apos;DESKTOP-1AD5FCD&amp;apos;, ip: &amp;apos;192.168.0.105&amp;apos;, os.name: &amp;apos;Windows 10&amp;apos;, os.arch: &amp;apos;amd64&amp;apos;, os.version: &amp;apos;10.0&amp;apos;, java.version: &amp;apos;17.0.1&amp;apos;
Driver info: driver.version: AndroidDriver">
      <![CDATA[org.openqa.selenium.WebDriverException: Connection refused: no further information
Build info: version: '3.141.0', revision: '2ecb7d9a', time: '2018-10-31T20:09:30'
System info: host: 'DESKTOP-1AD5FCD', ip: '192.168.0.105', os.name: 'Windows 10', os.arch: 'amd64', os.version: '10.0', java.version: '17.0.1'
Driver info: driver.version: AndroidDriver
at io.appium.java_client.remote.AppiumCommandExecutor.lambda$6(AppiumCommandExecutor.java:259)
at java.base/java.util.Optional.orElseGet(Optional.java:364)
at io.appium.java_client.remote.AppiumCommandExecutor.execute(AppiumCommandExecutor.java:258)
at org.openqa.selenium.remote.RemoteWebDriver.execute(RemoteWebDriver.java:552)
at io.appium.java_client.DefaultGenericMobileDriver.execute(DefaultGenericMobileDriver.java:41)
at io.appium.java_client.AppiumDriver.execute(AppiumDriver.java:1)
at io.appium.java_client.android.AndroidDriver.execute(AndroidDriver.java:1)
at org.openqa.selenium.remote.RemoteWebDriver.startSession(RemoteWebDriver.java:213)
at io.appium.java_client.AppiumDriver.startSession(AppiumDriver.java:338)
at org.openqa.selenium.remote.RemoteWebDriver.<init>(RemoteWebDriver.java:131)
at io.appium.java_client.DefaultGenericMobileDriver.<init>(DefaultGenericMobileDriver.java:37)
at io.appium.java_client.AppiumDriver.<init>(AppiumDriver.java:89)
at io.appium.java_client.AppiumDriver.<init>(AppiumDriver.java:99)
at io.appium.java_client.android.AndroidDriver.<init>(AndroidDriver.java:96)
at com.ibm.automation.WebDriverFactory.getMobileDriver(WebDriverFactory.java:105)
at com.ibm.automation.TestSessionInitiator._configureMobile(TestSessionInitiator.java:157)
at com.ibm.automation.TestSessionInitiator.testInitiatorMobile(TestSessionInitiator.java:134)
at com.ibm.automation.TestSessionInitiator.<init>(TestSessionInitiator.java:120)
at com.ibm.Mobile.Test.CancelRefillFromMobile2.TC01_SetUpEmulatorSession(CancelRefillFromMobile2.java:58)
at java.base/jdk.internal.reflect.NativeMethodAccessorImpl.invoke0(Native Method)
at java.base/jdk.internal.reflect.NativeMethodAccessorImpl.invoke(NativeMethodAccessorImpl.java:77)
at java.base/jdk.internal.reflect.DelegatingMethodAccessorImpl.invoke(DelegatingMethodAccessorImpl.java:43)
at java.base/java.lang.reflect.Method.invoke(Method.java:568)
at org.testng.internal.MethodInvocationHelper.invokeMethod(MethodInvocationHelper.java:134)
at org.testng.internal.TestInvoker.invokeMethod(TestInvoker.java:597)
at org.testng.internal.TestInvoker.invokeTestMethod(TestInvoker.java:173)
at org.testng.internal.MethodRunner.runInSequence(MethodRunner.java:46)
at org.testng.internal.TestInvoker$MethodInvocationAgent.invoke(TestInvoker.java:816)
at org.testng.internal.TestInvoker.invokeTestMethods(TestInvoker.java:146)
at org.testng.internal.TestMethodWorker.invokeTestMethods(TestMethodWorker.java:146)
at org.testng.internal.TestMethodWorker.run(TestMethodWorker.java:128)
at java.base/java.util.ArrayList.forEach(ArrayList.java:1511)
at org.testng.TestRunner.privateRun(TestRunner.java:766)
at org.testng.TestRunner.run(TestRunner.java:587)
at org.testng.SuiteRunner.runTest(SuiteRunner.java:384)
at org.testng.SuiteRunner.runSequentially(SuiteRunner.java:378)
at org.testng.SuiteRunner.privateRun(SuiteRunner.java:337)
at org.testng.SuiteRunner.run(SuiteRunner.java:286)
at org.testng.SuiteRunnerWorker.runSuite(SuiteRunnerWorker.java:53)
at org.testng.SuiteRunnerWorker.run(SuiteRunnerWorker.java:96)
at org.testng.TestNG.runSuitesSequentially(TestNG.java:1187)
at org.testng.TestNG.runSuitesLocally(TestNG.java:1109)
at org.testng.TestNG.runSuites(TestNG.java:1039)
at org.testng.TestNG.run(TestNG.java:1007)
at org.testng.remote.AbstractRemoteTestNG.run(AbstractRemoteTestNG.java:115)
at org.testng.remote.RemoteTestNG.initAndRun(RemoteTestNG.java:251)
at org.testng.remote.RemoteTestNG.main(RemoteTestNG.java:77)
Caused by: java.net.ConnectException: Connection refused: no further information
at java.base/sun.nio.ch.Net.pollConnect(Native Method)
at java.base/sun.nio.ch.Net.pollConnectNow(Net.java:672)
at java.base/sun.nio.ch.NioSocketImpl.timedFinishConnect(NioSocketImpl.java:549)
at java.base/sun.nio.ch.NioSocketImpl.connect(NioSocketImpl.java:597)
at java.base/java.net.SocksSocketImpl.connect(SocksSocketImpl.java:327)
at java.base/java.net.Socket.connect(Socket.java:633)
at okhttp3.internal.platform.Platform.connectSocket(Platform.java:129)
at okhttp3.internal.connection.RealConnection.connectSocket(RealConnection.java:245)
at okhttp3.internal.connection.RealConnection.connect(RealConnection.java:165)
at okhttp3.internal.connection.StreamAllocation.findConnection(StreamAllocation.java:257)
at okhttp3.internal.connection.StreamAllocation.findHealthyConnection(StreamAllocation.java:135)
at okhttp3.internal.connection.StreamAllocation.newStream(StreamAllocation.java:114)
at okhttp3.internal.connection.ConnectInterceptor.intercept(ConnectInterceptor.java:42)
at okhttp3.internal.http.RealInterceptorChain.proceed(RealInterceptorChain.java:147)
at okhttp3.internal.http.RealInterceptorChain.proceed(RealInterceptorChain.java:121)
at okhttp3.internal.cache.CacheInterceptor.intercept(CacheInterceptor.java:93)
at okhttp3.internal.http.RealInterceptorChain.proceed(RealInterceptorChain.java:147)
at okhttp3.internal.http.RealInterceptorChain.proceed(RealInterceptorChain.java:121)
at okhttp3.internal.http.BridgeInterceptor.intercept(BridgeInterceptor.java:93)
at okhttp3.internal.http.RealInterceptorChain.proceed(RealInterceptorChain.java:147)
at okhttp3.internal.http.RetryAndFollowUpInterceptor.intercept(RetryAndFollowUpInterceptor.java:126)
at okhttp3.internal.http.RealInterceptorChain.proceed(RealInterceptorChain.java:147)
at okhttp3.internal.http.RealInterceptorChain.proceed(RealInterceptorChain.java:121)
at okhttp3.RealCall.getResponseWithInterceptorChain(RealCall.java:200)
at okhttp3.RealCall.execute(RealCall.java:77)
at org.openqa.selenium.remote.internal.OkHttpClient.execute(OkHttpClient.java:103)
at io.appium.java_client.remote.AppiumCommandExecutor.lambda$1(AppiumCommandExecutor.java:162)
at org.openqa.selenium.remote.ProtocolHandshake.createSession(ProtocolHandshake.java:105)
at java.base/jdk.internal.reflect.NativeMethodAccessorImpl.invoke0(Native Method)
at java.base/jdk.internal.reflect.NativeMethodAccessorImpl.invoke(NativeMethodAccessorImpl.java:77)
at java.base/jdk.internal.reflect.DelegatingMethodAccessorImpl.invoke(DelegatingMethodAccessorImpl.java:43)
at java.base/java.lang.reflect.Method.invoke(Method.java:568)
at io.appium.java_client.remote.AppiumCommandExecutor$1.createSession(AppiumCommandExecutor.java:193)
at io.appium.java_client.remote.AppiumCommandExecutor.createSession(AppiumCommandExecutor.java:225)
at io.appium.java_client.remote.AppiumCommandExecutor.execute(AppiumCommandExecutor.java:247)
... 44 more
]]>
    </failure>
  </testcase> <!-- TC01_SetUpEmulatorSession -->
  <testcase classname="com.ibm.Mobile.Test.CancelRefillFromMobile2" name="TC02_loginToMobileApp" time="0.0">
    <skipped/>
  </testcase> <!-- TC02_loginToMobileApp -->
  <testcase classname="com.ibm.Mobile.Test.CancelRefillFromMobile2" name="TC03_orderCylinerFromApp" time="0.0">
    <skipped/>
  </testcase> <!-- TC03_orderCylinerFromApp -->
  <testcase classname="com.ibm.Mobile.Test.CancelRefillFromMobile2" name="TC04_openMenu" time="0.0">
    <skipped/>
  </testcase> <!-- TC04_openMenu -->
  <testcase classname="com.ibm.Mobile.Test.CancelRefillFromMobile2" name="TC05_openBookingHistory" time="0.0">
    <skipped/>
  </testcase> <!-- TC05_openBookingHistory -->
  <testcase classname="com.ibm.Mobile.Test.CancelRefillFromMobile2" name="TC06_cancelOrder" time="0.0">
    <skipped/>
  </testcase> <!-- TC06_cancelOrder -->
  <testcase classname="com.ibm.Mobile.Test.CancelRefillFromMobile2" name="TC07_NavigateToContactTab" time="0.0">
    <skipped/>
  </testcase> <!-- TC07_NavigateToContactTab -->
  <testcase classname="com.ibm.Mobile.Test.CancelRefillFromMobile2" name="TC08_SearchForRelationShip" time="0.0">
    <skipped/>
  </testcase> <!-- TC08_SearchForRelationShip -->
  <testcase classname="com.ibm.Mobile.Test.CancelRefillFromMobile2" name="TC09_RelationShipDrillDown" time="0.0">
    <skipped/>
  </testcase> <!-- TC09_RelationShipDrillDown -->
  <testcase classname="com.ibm.Mobile.Test.CancelRefillFromMobile2" name="TC10_openLatestOrder" time="0.0">
    <skipped/>
  </testcase> <!-- TC10_openLatestOrder -->
  <testcase classname="com.ibm.Mobile.Test.CancelRefillFromMobile2" name="TC11_VerifyOrderDeatils" time="0.0">
    <skipped/>
  </testcase> <!-- TC11_VerifyOrderDeatils -->
</testsuite> <!-- Default test -->
